Release 14.7 Map P.20131013 (lin)
Xilinx Mapping Report File for Design 'bytes'

Design Information
------------------
Command Line   : map -intstyle ise -p xc3s50-pq208-5 -cm area -ir off -pr off -c
100 -o bytes_map.ncd bytes.ngd bytes.pcf 
Target Device  : xc3s50
Target Package : pq208
Target Speed   : -5
Mapper Version : spartan3 -- $Revision: 1.55 $
Mapped Date    : Sun Jun  2 21:57:08 2019

Design Summary
--------------
Number of errors   :   1
Number of warnings :   0

Section 1 - Errors
------------------
ERROR:Security:9c - No 'ISE' nor 'WebPack' feature version 2013.10 was available
for part 'xc3s50'.
ERROR:Map:258 - A problem was encountered attempting to get the license for this
   architecture.



Section 2 - Warnings
--------------------
WARNING:Security:43 - No license file was found in the standard Xilinx license
directory.
WARNING:Security:44 - Since no license file was found,

Section 3 - Informational
-------------------------
INFO:Security:51 - The XILINXD_LICENSE_FILE environment variable is not set.
INFO:Security:53 - The LM_LICENSE_FILE environment variable is not set.
INFO:Security:54 - 'xc3s50' is a WebPack part.
INFO:Security:68a - user is andr, on host unknown.
